<?xml version="1.0" encoding="UTF-8"?>
<testsuites>
  <testsuite name="fastlane.lanes">
    
    
    
      
      <testcase classname="fastlane.lanes" name="0: Verifying required fastlane version" time="0.002857">
        
      </testcase>
    
      
      <testcase classname="fastlane.lanes" name="1: default_platform" time="0.002073">
        
      </testcase>
    
      
      <testcase classname="fastlane.lanes" name="2: gradle" time="1.400459">
        
          <failure message="/Users/robertmogos/.fastlane/bin/bundle/lib/ruby/gems/2.2.0/gems/fastlane-2.62.0/fastlane/lib/fastlane/actions/actions_helper.rb:48:in `execute_action'&#10;/Users/robertmogos/.fastlane/bin/bundle/lib/ruby/gems/2.2.0/gems/fastlane-2.62.0/fastlane/lib/fastlane/runner.rb:234:in `block in execute_action'&#10;/Users/robertmogos/.fastlane/bin/bundle/lib/ruby/gems/2.2.0/gems/fastlane-2.62.0/fastlane/lib/fastlane/runner.rb:230:in `chdir'&#10;/Users/robertmogos/.fastlane/bin/bundle/lib/ruby/gems/2.2.0/gems/fastlane-2.62.0/fastlane/lib/fastlane/runner.rb:230:in `execute_action'&#10;/Users/robertmogos/.fastlane/bin/bundle/lib/ruby/gems/2.2.0/gems/fastlane-2.62.0/fastlane/lib/fastlane/runner.rb:148:in `trigger_action_by_name'&#10;/Users/robertmogos/.fastlane/bin/bundle/lib/ruby/gems/2.2.0/gems/fastlane-2.62.0/fastlane/lib/fastlane/fast_file.rb:146:in `method_missing'&#10;Fastfile:21:in `block (2 levels) in parsing_binding'&#10;/Users/robertmogos/.fastlane/bin/bundle/lib/ruby/gems/2.2.0/gems/fastlane-2.62.0/fastlane/lib/fastlane/lane.rb:33:in `call'&#10;/Users/robertmogos/.fastlane/bin/bundle/lib/ruby/gems/2.2.0/gems/fastlane-2.62.0/fastlane/lib/fastlane/lane.rb:33:in `call'&#10;/Users/robertmogos/.fastlane/bin/bundle/lib/ruby/gems/2.2.0/gems/fastlane-2.62.0/fastlane/lib/fastlane/runner.rb:49:in `block in execute'&#10;/Users/robertmogos/.fastlane/bin/bundle/lib/ruby/gems/2.2.0/gems/fastlane-2.62.0/fastlane/lib/fastlane/runner.rb:45:in `chdir'&#10;/Users/robertmogos/.fastlane/bin/bundle/lib/ruby/gems/2.2.0/gems/fastlane-2.62.0/fastlane/lib/fastlane/runner.rb:45:in `execute'&#10;/Users/robertmogos/.fastlane/bin/bundle/lib/ruby/gems/2.2.0/gems/fastlane-2.62.0/fastlane/lib/fastlane/lane_manager.rb:54:in `cruise_lane'&#10;/Users/robertmogos/.fastlane/bin/bundle/lib/ruby/gems/2.2.0/gems/fastlane-2.62.0/fastlane/lib/fastlane/command_line_handler.rb:30:in `handle'&#10;/Users/robertmogos/.fastlane/bin/bundle/lib/ruby/gems/2.2.0/gems/fastlane-2.62.0/fastlane/lib/fastlane/commands_generator.rb:104:in `block (2 levels) in run'&#10;/Users/robertmogos/.fastlane/bin/bundle/lib/ruby/gems/2.2.0/gems/commander-fastlane-4.4.5/lib/commander/command.rb:178:in `call'&#10;/Users/robertmogos/.fastlane/bin/bundle/lib/ruby/gems/2.2.0/gems/commander-fastlane-4.4.5/lib/commander/command.rb:178:in `call'&#10;/Users/robertmogos/.fastlane/bin/bundle/lib/ruby/gems/2.2.0/gems/commander-fastlane-4.4.5/lib/commander/command.rb:153:in `run'&#10;/Users/robertmogos/.fastlane/bin/bundle/lib/ruby/gems/2.2.0/gems/commander-fastlane-4.4.5/lib/commander/runner.rb:476:in `run_active_command'&#10;/Users/robertmogos/.fastlane/bin/bundle/lib/ruby/gems/2.2.0/gems/fastlane-2.62.0/fastlane_core/lib/fastlane_core/ui/fastlane_runner.rb:66:in `run!'&#10;/Users/robertmogos/.fastlane/bin/bundle/lib/ruby/gems/2.2.0/gems/commander-fastlane-4.4.5/lib/commander/delegates.rb:15:in `run!'&#10;/Users/robertmogos/.fastlane/bin/bundle/lib/ruby/gems/2.2.0/gems/fastlane-2.62.0/fastlane/lib/fastlane/commands_generator.rb:303:in `run'&#10;/Users/robertmogos/.fastlane/bin/bundle/lib/ruby/gems/2.2.0/gems/fastlane-2.62.0/fastlane/lib/fastlane/commands_generator.rb:42:in `start'&#10;/Users/robertmogos/.fastlane/bin/bundle/lib/ruby/gems/2.2.0/gems/fastlane-2.62.0/fastlane/lib/fastlane/cli_tools_distributor.rb:66:in `take_off'&#10;/Users/robertmogos/.fastlane/bin/bundle/lib/ruby/gems/2.2.0/gems/fastlane-2.62.0/bin/fastlane:20:in `&lt;top (required)&gt;'&#10;/Users/robertmogos/.fastlane/bin/bundle/bin/fastlane:22:in `load'&#10;/Users/robertmogos/.fastlane/bin/bundle/bin/fastlane:22:in `&lt;main&gt;'&#10;&#10;Exit status of command '/Users/robertmogos/Dev/algoliasearch-client-android/gradlew testRelease -p .' was 1 instead of 0.&#10;WARNING: An illegal reflective access operation has occurred&#10;WARNING: Illegal reflective access by org.gradle.internal.reflect.JavaMethod (file:/Users/robertmogos/.gradle/wrapper/dists/gradle-3.3-all/55gk2rcmfc6p2dg9u9ohc3hw9/gradle-3.3/lib/gradle-base-services-3.3.jar) to method java.lang.ClassLoader.getPackages()&#10;WARNING: Please consider reporting this to the maintainers of org.gradle.internal.reflect.JavaMethod&#10;WARNING: Use --illegal-access=warn to enable warnings of further illegal reflective access operations&#10;WARNING: All illegal access operations will be denied in a future release&#10;Failed to notify ProjectEvaluationListener.afterEvaluate(), but primary configuration failure takes precedence.&#10;org.gradle.internal.event.ListenerNotificationException: Failed to notify project evaluation listener.&#10;	at org.gradle.internal.event.AbstractBroadcastDispatch.dispatch(AbstractBroadcastDispatch.java:55)&#10;	at org.gradle.internal.event.BroadcastDispatch.dispatch(BroadcastDispatch.java:79)&#10;	at org.gradle.internal.event.BroadcastDispatch.dispatch(BroadcastDispatch.java:30)&#10;	at org.gradle.internal.dispatch.ProxyDispatchAdapter$DispatchingInvocationHandler.invoke(ProxyDispatchAdapter.java:93)&#10;	at com.sun.proxy.$Proxy16.afterEvaluate(Unknown Source)&#10;	at org.gradle.configuration.project.LifecycleProjectEvaluator.notifyAfterEvaluate(LifecycleProjectEvaluator.java:82)&#10;	at org.gradle.configuration.project.LifecycleProjectEvaluator.doConfigure(LifecycleProjectEvaluator.java:76)&#10;	at org.gradle.configuration.project.LifecycleProjectEvaluator.access$000(LifecycleProjectEvaluator.java:33)&#10;	at org.gradle.configuration.project.LifecycleProjectEvaluator$1.execute(LifecycleProjectEvaluator.java:53)&#10;	at org.gradle.configuration.project.LifecycleProjectEvaluator$1.execute(LifecycleProjectEvaluator.java:50)&#10;	at org.gradle.internal.Transformers$4.transform(Transformers.java:169)&#10;	at org.gradle.internal.progress.DefaultBuildOperationExecutor.run(DefaultBuildOperationExecutor.java:106)&#10;	at org.gradle.internal.progress.DefaultBuildOperationExecutor.run(DefaultBuildOperationExecutor.java:61)&#10;	at org.gradle.configuration.project.LifecycleProjectEvaluator.evaluate(LifecycleProjectEvaluator.java:50)&#10;	at org.gradle.api.internal.project.DefaultProject.evaluate(DefaultProject.java:628)&#10;	at org.gradle.api.internal.project.DefaultProject.evaluate(DefaultProject.java:129)&#10;	at org.gradle.execution.TaskPathProjectEvaluator.configure(TaskPathProjectEvaluator.java:35)&#10;	at org.gradle.execution.TaskPathProjectEvaluator.configureHierarchy(TaskPathProjectEvaluator.java:62)&#10;	at org.gradle.configuration.DefaultBuildConfigurer.configure(DefaultBuildConfigurer.java:38)&#10;	at org.gradle.initialization.DefaultGradleLauncher$1.execute(DefaultGradleLauncher.java:161)&#10;	at org.gradle.initialization.DefaultGradleLauncher$1.execute(DefaultGradleLauncher.java:158)&#10;	at org.gradle.internal.Transformers$4.transform(Transformers.java:169)&#10;	at org.gradle.internal.progress.DefaultBuildOperationExecutor.run(DefaultBuildOperationExecutor.java:106)&#10;	at org.gradle.internal.progress.DefaultBuildOperationExecutor.run(DefaultBuildOperationExecutor.java:56)&#10;	at org.gradle.initialization.DefaultGradleLauncher.doBuildStages(DefaultGradleLauncher.java:158)&#10;	at org.gradle.initialization.DefaultGradleLauncher.doBuild(DefaultGradleLauncher.java:119)&#10;	at org.gradle.initialization.DefaultGradleLauncher.run(DefaultGradleLauncher.java:102)&#10;	at org.gradle.launcher.exec.GradleBuildController.run(GradleBuildController.java:71)&#10;	at org.gradle.tooling.internal.provider.ExecuteBuildActionRunner.run(ExecuteBuildActionRunner.java:28)&#10;	at org.gradle.launcher.exec.ChainingBuildActionRunner.run(ChainingBuildActionRunner.java:35)&#10;	at org.gradle.launcher.exec.InProcessBuildActionExecuter.execute(InProcessBuildActionExecuter.java:41)&#10;	at org.gradle.launcher.exec.InProcessBuildActionExecuter.execute(InProcessBuildActionExecuter.java:26)&#10;	at org.gradle.tooling.internal.provider.ContinuousBuildActionExecuter.execute(ContinuousBuildActionExecuter.java:75)&#10;	at org.gradle.tooling.internal.provider.ContinuousBuildActionExecuter.execute(ContinuousBuildActionExecuter.java:49)&#10;	at org.gradle.tooling.internal.provider.ServicesSetupBuildActionExecuter.execute(ServicesSetupBuildActionExecuter.java:44)&#10;	at org.gradle.tooling.internal.provider.ServicesSetupBuildActionExecuter.execute(ServicesSetupBuildActionExecuter.java:29)&#10;	at org.gradle.launcher.daemon.server.exec.ExecuteBuild.doBuild(ExecuteBuild.java:67)&#10;	at org.gradle.launcher.daemon.server.exec.BuildCommandOnly.execute(BuildCommandOnly.java:36)&#10;	at org.gradle.launcher.daemon.server.api.DaemonCommandExecution.proceed(DaemonCommandExecution.java:120)&#10;	at org.gradle.launcher.daemon.server.exec.WatchForDisconnection.execute(WatchForDisconnection.java:47)&#10;	at org.gradle.launcher.daemon.server.api.DaemonCommandExecution.proceed(DaemonCommandExecution.java:120)&#10;	at org.gradle.launcher.daemon.server.exec.ResetDeprecationLogger.execute(ResetDeprecationLogger.java:26)&#10;	at org.gradle.launcher.daemon.server.api.DaemonCommandExecution.proceed(DaemonCommandExecution.java:120)&#10;	at org.gradle.launcher.daemon.server.exec.RequestStopIfSingleUsedDaemon.execute(RequestStopIfSingleUsedDaemon.java:34)&#10;	at org.gradle.launcher.daemon.server.api.DaemonCommandExecution.proceed(DaemonCommandExecution.java:120)&#10;	at org.gradle.launcher.daemon.server.exec.ForwardClientInput$2.call(ForwardClientInput.java:74)&#10;	at org.gradle.launcher.daemon.server.exec.ForwardClientInput$2.call(ForwardClientInput.java:72)&#10;	at org.gradle.util.Swapper.swap(Swapper.java:38)&#10;	at org.gradle.launcher.daemon.server.exec.ForwardClientInput.execute(ForwardClientInput.java:72)&#10;	at org.gradle.launcher.daemon.server.api.DaemonCommandExecution.proceed(DaemonCommandExecution.java:120)&#10;	at org.gradle.launcher.daemon.server.exec.LogAndCheckHealth.execute(LogAndCheckHealth.java:55)&#10;	at org.gradle.launcher.daemon.server.api.DaemonCommandExecution.proceed(DaemonCommandExecution.java:120)&#10;	at org.gradle.launcher.daemon.server.exec.LogToClient.doBuild(LogToClient.java:60)&#10;	at org.gradle.launcher.daemon.server.exec.BuildCommandOnly.execute(BuildCommandOnly.java:36)&#10;	at org.gradle.launcher.daemon.server.api.DaemonCommandExecution.proceed(DaemonCommandExecution.java:120)&#10;	at org.gradle.launcher.daemon.server.exec.EstablishBuildEnvironment.doBuild(EstablishBuildEnvironment.java:72)&#10;	at org.gradle.launcher.daemon.server.exec.BuildCommandOnly.execute(BuildCommandOnly.java:36)&#10;	at org.gradle.launcher.daemon.server.api.DaemonCommandExecution.proceed(DaemonCommandExecution.java:120)&#10;	at org.gradle.launcher.daemon.server.exec.StartBuildOrRespondWithBusy$1.run(StartBuildOrRespondWithBusy.java:50)&#10;	at org.gradle.launcher.daemon.server.DaemonStateCoordinator$1.run(DaemonStateCoordinator.java:297)&#10;	at org.gradle.internal.concurrent.ExecutorPolicy$CatchAndRecordFailures.onExecute(ExecutorPolicy.java:54)&#10;	at org.gradle.internal.concurrent.StoppableExecutorImpl$1.run(StoppableExecutorImpl.java:40)&#10;	at java.base/java.util.concurrent.ThreadPoolExecutor.runWorker(ThreadPoolExecutor.java:1167)&#10;	at java.base/java.util.concurrent.ThreadPoolExecutor$Worker.run(ThreadPoolExecutor.java:641)&#10;	at java.base/java.lang.Thread.run(Thread.java:844)&#10;Caused by: java.lang.NoClassDefFoundError: Could not initialize class com.android.sdklib.repository.AndroidSdkHandler&#10;	at com.android.builder.sdk.DefaultSdkLoader.init(DefaultSdkLoader.java:375)&#10;	at com.android.builder.sdk.DefaultSdkLoader.getSdkInfo(DefaultSdkLoader.java:358)&#10;	at com.android.build.gradle.internal.SdkHandler.initTarget(SdkHandler.java:133)&#10;	at com.android.build.gradle.BasePlugin.ensureTargetSetup(BasePlugin.java:760)&#10;	at com.android.build.gradle.BasePlugin.createAndroidTasks(BasePlugin.java:657)&#10;	at com.android.build.gradle.BasePlugin$10.call(BasePlugin.java:608)&#10;	at com.android.build.gradle.BasePlugin$10.call(BasePlugin.java:605)&#10;	at com.android.builder.profile.ThreadRecorder.record(ThreadRecorder.java:156)&#10;	at com.android.builder.profile.ThreadRecorder.record(ThreadRecorder.java:120)&#10;	at com.android.build.gradle.BasePlugin.lambda$createTasks$1(BasePlugin.java:603)&#10;	at org.gradle.internal.event.BroadcastDispatch$ActionInvocationHandler.dispatch(BroadcastDispatch.java:93)&#10;	at org.gradle.internal.event.BroadcastDispatch$ActionInvocationHandler.dispatch(BroadcastDispatch.java:82)&#10;	at org.gradle.internal.event.AbstractBroadcastDispatch.dispatch(AbstractBroadcastDispatch.java:44)&#10;	... 64 more&#10;&#10;FAILURE: Build failed with an exception.&#10;&#10;* Where:&#10;Script '/Users/robertmogos/Dev/algoliasearch-client-android/algoliasearch/common.gradle' line: 115&#10;&#10;* What went wrong:&#10;A problem occurred evaluating script.&#10;&gt; Could not initialize class com.android.sdklib.repository.AndroidSdkHandler&#10;&#10;* Try:&#10;Run with --stacktrace option to get the stack trace. Run with --info or --debug option to get more log output.&#10;&#10;BUILD FAILED&#10;&#10;Total time: 0.835 secs&#10;" />
        
      </testcase>
    
  </testsuite>
</testsuites>
